# JRE version: Java(TM) SE Runtime Environment (8.0_201-b09) (build 1.8.0_201-b09)
# Java VM: Java HotSpot(TM) 64-Bit Server VM (25.201-b09 mixed mode windows-amd64 compressed oops)
Heap:
 PSYoungGen      total 200192K, used 102958K [0x000000076b900000, 0x0000000779480000, 0x00000007c0000000)
  eden space 175616K, 51% used [0x000000076b900000,0x000000077118e240,0x0000000776480000)
  from space 24576K, 49% used [0x0000000777b80000,0x000000077877d918,0x0000000779380000)
  to   space 23552K, 0% used [0x0000000776480000,0x0000000776480000,0x0000000777b80000)
 ParOldGen       total 121344K, used 27839K [0x00000006c2a00000, 0x00000006ca080000, 0x000000076b900000)
  object space 121344K, 22% used [0x00000006c2a00000,0x00000006c452fc78,0x00000006ca080000)
 Metaspace       used 31811K, capacity 34034K, committed 34304K, reserved 1079296K
  class space    used 4180K, capacity 4593K, committed 4608K, reserved 1048576K
GC Heap History (10 events):
Event: 6.369 GC heap before
{Heap before GC invocations=5 (full 1):
 PSYoungGen      total 75776K, used 74189K [0x000000076b900000, 0x0000000772200000, 0x00000007c0000000)
  eden space 65024K, 100% used [0x000000076b900000,0x000000076f880000,0x000000076f880000)
  from space 10752K, 85% used [0x000000076f880000,0x00000007701735a8,0x0000000770300000)
  to   space 10752K, 0% used [0x0000000771780000,0x0000000771780000,0x0000000772200000)
 ParOldGen       total 121344K, used 9805K [0x00000006c2a00000, 0x00000006ca080000, 0x000000076b900000)
  object space 121344K, 8% used [0x00000006c2a00000,0x00000006c3393788,0x00000006ca080000)
 Metaspace       used 27516K, capacity 29530K, committed 29696K, reserved 1075200K
  class space    used 3638K, capacity 4041K, committed 4096K, reserved 1048576K
Event: 6.381 GC heap after
Heap after GC invocations=5 (full 1):
 PSYoungGen      total 96768K, used 8848K [0x000000076b900000, 0x0000000772280000, 0x00000007c0000000)
  eden space 86016K, 0% used [0x000000076b900000,0x000000076b900000,0x0000000770d00000)
  from space 10752K, 82% used [0x0000000771780000,0x00000007720242c8,0x0000000772200000)
  to   space 10752K, 0% used [0x0000000770d00000,0x0000000770d00000,0x0000000771780000)
 ParOldGen       total 121344K, used 9813K [0x00000006c2a00000, 0x00000006ca080000, 0x000000076b900000)
  object space 121344K, 8% used [0x00000006c2a00000,0x00000006c3395788,0x00000006ca080000)
 Metaspace       used 27516K, capacity 29530K, committed 29696K, reserved 1075200K
  class space    used 3638K, capacity 4041K, committed 4096K, reserved 1048576K
}
Event: 7.784 GC heap before
{Heap before GC invocations=6 (full 1):
 PSYoungGen      total 96768K, used 94864K [0x000000076b900000, 0x0000000772280000, 0x00000007c0000000)
  eden space 86016K, 100% used [0x000000076b900000,0x0000000770d00000,0x0000000770d00000)
  from space 10752K, 82% used [0x0000000771780000,0x00000007720242c8,0x0000000772200000)
  to   space 10752K, 0% used [0x0000000770d00000,0x0000000770d00000,0x0000000771780000)
 ParOldGen       total 121344K, used 9813K [0x00000006c2a00000, 0x00000006ca080000, 0x000000076b900000)
  object space 121344K, 8% used [0x00000006c2a00000,0x00000006c3395788,0x00000006ca080000)
 Metaspace       used 27537K, capacity 29530K, committed 29696K, reserved 1075200K
  class space    used 3641K, capacity 4041K, committed 4096K, reserved 1048576K
Event: 7.812 GC heap after
Heap after GC invocations=6 (full 1):
 PSYoungGen      total 96768K, used 10742K [0x000000076b900000, 0x0000000775000000, 0x00000007c0000000)
  eden space 86016K, 0% used [0x000000076b900000,0x000000076b900000,0x0000000770d00000)
  from space 10752K, 99% used [0x0000000770d00000,0x000000077177da68,0x0000000771780000)
  to   space 16384K, 0% used [0x0000000774000000,0x0000000774000000,0x0000000775000000)
 ParOldGen       total 121344K, used 17243K [0x00000006c2a00000, 0x00000006ca080000, 0x000000076b900000)
  object space 121344K, 14% used [0x00000006c2a00000,0x00000006c3ad6f50,0x00000006ca080000)
 Metaspace       used 27537K, capacity 29530K, committed 29696K, reserved 1075200K
  class space    used 3641K, capacity 4041K, committed 4096K, reserved 1048576K
}
Event: 8.927 GC heap before
{Heap before GC invocations=7 (full 1):
 PSYoungGen      total 96768K, used 96758K [0x000000076b900000, 0x0000000775000000, 0x00000007c0000000)
  eden space 86016K, 100% used [0x000000076b900000,0x0000000770d00000,0x0000000770d00000)
  from space 10752K, 99% used [0x0000000770d00000,0x000000077177da68,0x0000000771780000)
  to   space 16384K, 0% used [0x0000000774000000,0x0000000774000000,0x0000000775000000)
 ParOldGen       total 121344K, used 17243K [0x00000006c2a00000, 0x00000006ca080000, 0x000000076b900000)
  object space 121344K, 14% used [0x00000006c2a00000,0x00000006c3ad6f50,0x00000006ca080000)
 Metaspace       used 27551K, capacity 29530K, committed 29696K, reserved 1075200K
  class space    used 3643K, capacity 4041K, committed 4096K, reserved 1048576K
Event: 8.950 GC heap after
Heap after GC invocations=7 (full 1):
 PSYoungGen      total 134656K, used 16364K [0x000000076b900000, 0x0000000775b80000, 0x00000007c0000000)
  eden space 118272K, 0% used [0x000000076b900000,0x000000076b900000,0x0000000772c80000)
  from space 16384K, 99% used [0x0000000774000000,0x0000000774ffb1e8,0x0000000775000000)
  to   space 19968K, 0% used [0x0000000772c80000,0x0000000772c80000,0x0000000774000000)
 ParOldGen       total 121344K, used 20027K [0x00000006c2a00000, 0x00000006ca080000, 0x000000076b900000)
  object space 121344K, 16% used [0x00000006c2a00000,0x00000006c3d8ee28,0x00000006ca080000)
 Metaspace       used 27551K, capacity 29530K, committed 29696K, reserved 1075200K
  class space    used 3643K, capacity 4041K, committed 4096K, reserved 1048576K
}
Event: 10.589 GC heap before
{Heap before GC invocations=8 (full 1):
 PSYoungGen      total 134656K, used 134636K [0x000000076b900000, 0x0000000775b80000, 0x00000007c0000000)
  eden space 118272K, 100% used [0x000000076b900000,0x0000000772c80000,0x0000000772c80000)
  from space 16384K, 99% used [0x0000000774000000,0x0000000774ffb1e8,0x0000000775000000)
  to   space 19968K, 0% used [0x0000000772c80000,0x0000000772c80000,0x0000000774000000)
 ParOldGen       total 121344K, used 20027K [0x00000006c2a00000, 0x00000006ca080000, 0x000000076b900000)
  object space 121344K, 16% used [0x00000006c2a00000,0x00000006c3d8ee28,0x00000006ca080000)
 Metaspace       used 27586K, capacity 29594K, committed 29696K, reserved 1075200K
  class space    used 3650K, capacity 4041K, committed 4096K, reserved 1048576K
Event: 10.613 GC heap after
Heap after GC invocations=8 (full 1):
 PSYoungGen      total 138240K, used 19941K [0x000000076b900000, 0x0000000779380000, 0x00000007c0000000)
  eden space 118272K, 0% used [0x000000076b900000,0x000000076b900000,0x0000000772c80000)
  from space 19968K, 99% used [0x0000000772c80000,0x0000000773ff9418,0x0000000774000000)
  to   space 24576K, 0% used [0x0000000777b80000,0x0000000777b80000,0x0000000779380000)
 ParOldGen       total 121344K, used 22877K [0x00000006c2a00000, 0x00000006ca080000, 0x000000076b900000)
  object space 121344K, 18% used [0x00000006c2a00000,0x00000006c40577b0,0x00000006ca080000)
 Metaspace       used 27586K, capacity 29594K, committed 29696K, reserved 1075200K
  class space    used 3650K, capacity 4041K, committed 4096K, reserved 1048576K
}
Event: 11.475 GC heap before
{Heap before GC invocations=9 (full 1):
 PSYoungGen      total 138240K, used 138213K [0x000000076b900000, 0x0000000779380000, 0x00000007c0000000)
  eden space 118272K, 100% used [0x000000076b900000,0x0000000772c80000,0x0000000772c80000)
  from space 19968K, 99% used [0x0000000772c80000,0x0000000773ff9418,0x0000000774000000)
  to   space 24576K, 0% used [0x0000000777b80000,0x0000000777b80000,0x0000000779380000)
 ParOldGen       total 121344K, used 22877K [0x00000006c2a00000, 0x00000006ca080000, 0x000000076b900000)
  object space 121344K, 18% used [0x00000006c2a00000,0x00000006c40577b0,0x00000006ca080000)
 Metaspace       used 27599K, capacity 29594K, committed 29696K, reserved 1075200K
  class space    used 3654K, capacity 4041K, committed 4096K, reserved 1048576K
Event: 11.492 GC heap after
Heap after GC invocations=9 (full 1):
 PSYoungGen      total 200192K, used 12278K [0x000000076b900000, 0x0000000779480000, 0x00000007c0000000)
  eden space 175616K, 0% used [0x000000076b900000,0x000000076b900000,0x0000000776480000)
  from space 24576K, 49% used [0x0000000777b80000,0x000000077877d918,0x0000000779380000)
  to   space 23552K, 0% used [0x0000000776480000,0x0000000776480000,0x0000000777b80000)
 ParOldGen       total 121344K, used 27839K [0x00000006c2a00000, 0x00000006ca080000, 0x000000076b900000)
  object space 121344K, 22% used [0x00000006c2a00000,0x00000006c452fc78,0x00000006ca080000)
 Metaspace       used 27599K, capacity 29594K, committed 29696K, reserved 1075200K
  class space    used 3654K, capacity 4041K, committed 4096K, reserved 1048576K
}

