# JRE version: Java(TM) SE Runtime Environment (8.0_201-b09) (build 1.8.0_201-b09)
# Java VM: Java HotSpot(TM) 64-Bit Server VM (25.201-b09 mixed mode windows-amd64 compressed oops)
Heap:
 PSYoungGen      total 201216K, used 85077K [0x000000076b900000, 0x0000000779900000, 0x00000007c0000000)
  eden space 177664K, 47% used [0x000000076b900000,0x0000000770c15790,0x0000000776680000)
  from space 23552K, 0% used [0x0000000776680000,0x0000000776680000,0x0000000777d80000)
  to   space 24576K, 0% used [0x0000000777d80000,0x0000000777d80000,0x0000000779580000)
 ParOldGen       total 119296K, used 22403K [0x00000006c2a00000, 0x00000006c9e80000, 0x000000076b900000)
  object space 119296K, 18% used [0x00000006c2a00000,0x00000006c3fe0c30,0x00000006c9e80000)
 Metaspace       used 35718K, capacity 38164K, committed 38272K, reserved 1083392K
  class space    used 4730K, capacity 5196K, committed 5248K, reserved 1048576K
GC Heap History (10 events):
Event: 8.862 GC heap before
{Heap before GC invocations=7 (full 1):
 PSYoungGen      total 96256K, used 96241K [0x000000076b900000, 0x0000000775000000, 0x00000007c0000000)
  eden space 85504K, 100% used [0x000000076b900000,0x0000000770c80000,0x0000000770c80000)
  from space 10752K, 99% used [0x0000000770c80000,0x00000007716fc570,0x0000000771700000)
  to   space 16384K, 0% used [0x0000000774000000,0x0000000774000000,0x0000000775000000)
 ParOldGen       total 119296K, used 17192K [0x00000006c2a00000, 0x00000006c9e80000, 0x000000076b900000)
  object space 119296K, 14% used [0x00000006c2a00000,0x00000006c3aca258,0x00000006c9e80000)
 Metaspace       used 27547K, capacity 29526K, committed 29696K, reserved 1075200K
  class space    used 3642K, capacity 4041K, committed 4096K, reserved 1048576K
Event: 8.881 GC heap after
Heap after GC invocations=7 (full 1):
 PSYoungGen      total 134656K, used 16373K [0x000000076b900000, 0x0000000775980000, 0x00000007c0000000)
  eden space 118272K, 0% used [0x000000076b900000,0x000000076b900000,0x0000000772c80000)
  from space 16384K, 99% used [0x0000000774000000,0x0000000774ffd4c0,0x0000000775000000)
  to   space 19968K, 0% used [0x0000000772c80000,0x0000000772c80000,0x0000000774000000)
 ParOldGen       total 119296K, used 19966K [0x00000006c2a00000, 0x00000006c9e80000, 0x000000076b900000)
  object space 119296K, 16% used [0x00000006c2a00000,0x00000006c3d7fb30,0x00000006c9e80000)
 Metaspace       used 27547K, capacity 29526K, committed 29696K, reserved 1075200K
  class space    used 3642K, capacity 4041K, committed 4096K, reserved 1048576K
}
Event: 10.285 GC heap before
{Heap before GC invocations=8 (full 1):
 PSYoungGen      total 134656K, used 134645K [0x000000076b900000, 0x0000000775980000, 0x00000007c0000000)
  eden space 118272K, 100% used [0x000000076b900000,0x0000000772c80000,0x0000000772c80000)
  from space 16384K, 99% used [0x0000000774000000,0x0000000774ffd4c0,0x0000000775000000)
  to   space 19968K, 0% used [0x0000000772c80000,0x0000000772c80000,0x0000000774000000)
 ParOldGen       total 119296K, used 19966K [0x00000006c2a00000, 0x00000006c9e80000, 0x000000076b900000)
  object space 119296K, 16% used [0x00000006c2a00000,0x00000006c3d7fb30,0x00000006c9e80000)
 Metaspace       used 27582K, capacity 29590K, committed 29696K, reserved 1075200K
  class space    used 3650K, capacity 4041K, committed 4096K, reserved 1048576K
Event: 10.313 GC heap after
Heap after GC invocations=8 (full 1):
 PSYoungGen      total 138240K, used 19960K [0x000000076b900000, 0x0000000779580000, 0x00000007c0000000)
  eden space 118272K, 0% used [0x000000076b900000,0x000000076b900000,0x0000000772c80000)
  from space 19968K, 99% used [0x0000000772c80000,0x0000000773ffe1e0,0x0000000774000000)
  to   space 24576K, 0% used [0x0000000777d80000,0x0000000777d80000,0x0000000779580000)
 ParOldGen       total 119296K, used 22826K [0x00000006c2a00000, 0x00000006c9e80000, 0x000000076b900000)
  object space 119296K, 19% used [0x00000006c2a00000,0x00000006c404ab08,0x00000006c9e80000)
 Metaspace       used 27582K, capacity 29590K, committed 29696K, reserved 1075200K
  class space    used 3650K, capacity 4041K, committed 4096K, reserved 1048576K
}
Event: 11.041 GC heap before
{Heap before GC invocations=9 (full 1):
 PSYoungGen      total 138240K, used 138232K [0x000000076b900000, 0x0000000779580000, 0x00000007c0000000)
  eden space 118272K, 100% used [0x000000076b900000,0x0000000772c80000,0x0000000772c80000)
  from space 19968K, 99% used [0x0000000772c80000,0x0000000773ffe1e0,0x0000000774000000)
  to   space 24576K, 0% used [0x0000000777d80000,0x0000000777d80000,0x0000000779580000)
 ParOldGen       total 119296K, used 22826K [0x00000006c2a00000, 0x00000006c9e80000, 0x000000076b900000)
  object space 119296K, 19% used [0x00000006c2a00000,0x00000006c404ab08,0x00000006c9e80000)
 Metaspace       used 27595K, capacity 29590K, committed 29696K, reserved 1075200K
  class space    used 3653K, capacity 4041K, committed 4096K, reserved 1048576K
Event: 11.059 GC heap after
Heap after GC invocations=9 (full 1):
 PSYoungGen      total 202240K, used 12212K [0x000000076b900000, 0x0000000779900000, 0x00000007c0000000)
  eden space 177664K, 0% used [0x000000076b900000,0x000000076b900000,0x0000000776680000)
  from space 24576K, 49% used [0x0000000777d80000,0x000000077896d388,0x0000000779580000)
  to   space 23552K, 0% used [0x0000000776680000,0x0000000776680000,0x0000000777d80000)
 ParOldGen       total 119296K, used 27835K [0x00000006c2a00000, 0x00000006c9e80000, 0x000000076b900000)
  object space 119296K, 23% used [0x00000006c2a00000,0x00000006c452efd0,0x00000006c9e80000)
 Metaspace       used 27595K, capacity 29590K, committed 29696K, reserved 1075200K
  class space    used 3653K, capacity 4041K, committed 4096K, reserved 1048576K
}
Event: 13.373 GC heap before
{Heap before GC invocations=10 (full 1):
 PSYoungGen      total 202240K, used 110811K [0x000000076b900000, 0x0000000779900000, 0x00000007c0000000)
  eden space 177664K, 55% used [0x000000076b900000,0x0000000771949888,0x0000000776680000)
  from space 24576K, 49% used [0x0000000777d80000,0x000000077896d388,0x0000000779580000)
  to   space 23552K, 0% used [0x0000000776680000,0x0000000776680000,0x0000000777d80000)
 ParOldGen       total 119296K, used 27835K [0x00000006c2a00000, 0x00000006c9e80000, 0x000000076b900000)
  object space 119296K, 23% used [0x00000006c2a00000,0x00000006c452efd0,0x00000006c9e80000)
 Metaspace       used 33193K, capacity 35384K, committed 35496K, reserved 1079296K
  class space    used 4379K, capacity 4788K, committed 4864K, reserved 1048576K
Event: 13.393 GC heap after
Heap after GC invocations=10 (full 1):
 PSYoungGen      total 201216K, used 9713K [0x000000076b900000, 0x0000000779900000, 0x00000007c0000000)
  eden space 177664K, 0% used [0x000000076b900000,0x000000076b900000,0x0000000776680000)
  from space 23552K, 41% used [0x0000000776680000,0x0000000776ffc698,0x0000000777d80000)
  to   space 24576K, 0% used [0x0000000777d80000,0x0000000777d80000,0x0000000779580000)
 ParOldGen       total 119296K, used 30891K [0x00000006c2a00000, 0x00000006c9e80000, 0x000000076b900000)
  object space 119296K, 25% used [0x00000006c2a00000,0x00000006c482afe0,0x00000006c9e80000)
 Metaspace       used 33193K, capacity 35384K, committed 35496K, reserved 1079296K
  class space    used 4379K, capacity 4788K, committed 4864K, reserved 1048576K
}
Event: 13.393 GC heap before
{Heap before GC invocations=11 (full 2):
 PSYoungGen      total 201216K, used 9713K [0x000000076b900000, 0x0000000779900000, 0x00000007c0000000)
  eden space 177664K, 0% used [0x000000076b900000,0x000000076b900000,0x0000000776680000)
  from space 23552K, 41% used [0x0000000776680000,0x0000000776ffc698,0x0000000777d80000)
  to   space 24576K, 0% used [0x0000000777d80000,0x0000000777d80000,0x0000000779580000)
 ParOldGen       total 119296K, used 30891K [0x00000006c2a00000, 0x00000006c9e80000, 0x000000076b900000)
  object space 119296K, 25% used [0x00000006c2a00000,0x00000006c482afe0,0x00000006c9e80000)
 Metaspace       used 33193K, capacity 35384K, committed 35496K, reserved 1079296K
  class space    used 4379K, capacity 4788K, committed 4864K, reserved 1048576K
Event: 13.478 GC heap after
Heap after GC invocations=11 (full 2):
 PSYoungGen      total 201216K, used 0K [0x000000076b900000, 0x0000000779900000, 0x00000007c0000000)
  eden space 177664K, 0% used [0x000000076b900000,0x000000076b900000,0x0000000776680000)
  from space 23552K, 0% used [0x0000000776680000,0x0000000776680000,0x0000000777d80000)
  to   space 24576K, 0% used [0x0000000777d80000,0x0000000777d80000,0x0000000779580000)
 ParOldGen       total 119296K, used 22403K [0x00000006c2a00000, 0x00000006c9e80000, 0x000000076b900000)
  object space 119296K, 18% used [0x00000006c2a00000,0x00000006c3fe0c30,0x00000006c9e80000)
 Metaspace       used 33193K, capacity 35384K, committed 35496K, reserved 1079296K
  class space    used 4379K, capacity 4788K, committed 4864K, reserved 1048576K
}

